Start testing: Apr 17 23:05 MDT
----------------------------------------------------------
1/2 Testing: test_howto
1/2 Test: test_howto
Command: "/bin/sh" "/home/rob/gr-howto/build/lib/test_howto_test.sh"
Directory: /home/rob/gr-howto/build/lib
"test_howto" start time: Apr 17 23:05 MDT
Output:
----------------------------------------------------------


<end of output>
Test time =   0.00 sec
----------------------------------------------------------
Test Passed.
"test_howto" end time: Apr 17 23:05 MDT
"test_howto" time elapsed: 00:00:00
----------------------------------------------------------

2/2 Testing: qa_square_ff
2/2 Test: qa_square_ff
Command: "/bin/sh" "/home/rob/gr-howto/build/python/qa_square_ff_test.sh"
Directory: /home/rob/gr-howto/build/python
"qa_square_ff" start time: Apr 17 23:05 MDT
Output:
----------------------------------------------------------
.
----------------------------------------------------------------------
Ran 1 test in 0.004s

OK
<end of output>
Test time =   0.21 sec
----------------------------------------------------------
Test Passed.
"qa_square_ff" end time: Apr 17 23:05 MDT
"qa_square_ff" time elapsed: 00:00:00
----------------------------------------------------------

End testing: Apr 17 23:05 MDT
